-------------------------------------------------------------------------------
Test set: com.mkyong.WelcomeControllerTest
-------------------------------------------------------------------------------
Tests run: 1, Failures: 0, Errors: 1, Skipped: 0, Time elapsed: 0.891 s <<< FAILURE! - in com.mkyong.WelcomeControllerTest
initializationError(com.mkyong.WelcomeControllerTest)  Time elapsed: 0.013 s  <<< ERROR!
java.lang.IllegalStateException: Unable to find a @SpringBootConfiguration, you need to use @ContextConfiguration or @SpringBootTest(classes=...) with your test

